{"date":"Sun Sep 21 2025 16:40:07 GMT+0700 (Indochina Time)","environment":"development","error":{},"level":"error","message":"unhandledRejection: logger is not defined\nReferenceError: logger is not defined\n    at C:\\Users\\mozam\\Downloads\\trea gateway file\\server.js:58:3\n    at runNextTicks (node:internal/process/task_queues:65:5)\n    at listOnTimeout (node:internal/timers:549:9)\n    at process.processTimers (node:internal/timers:523:7)","os":{"loadavg":[0,0,0],"uptime":957886.734},"process":{"argv":["C:\\Program Files\\nodejs\\node.exe","C:\\Users\\mozam\\Downloads\\trea gateway file\\server.js"],"cwd":"C:\\Users\\mozam\\Downloads\\trea gateway file","execPath":"C:\\Program Files\\nodejs\\node.exe","gid":null,"memoryUsage":{"arrayBuffers":18314316,"external":21933078,"heapTotal":35938304,"heapUsed":32505688,"rss":79511552},"pid":71352,"uid":null,"version":"v22.19.0"},"rejection":true,"service":"trea-payment-gateway","stack":"ReferenceError: logger is not defined\n    at C:\\Users\\mozam\\Downloads\\trea gateway file\\server.js:58:3\n    at runNextTicks (node:internal/process/task_queues:65:5)\n    at listOnTimeout (node:internal/timers:549:9)\n    at process.processTimers (node:internal/timers:523:7)","timestamp":"2025-09-21 16:40:07","trace":[{"column":3,"file":"C:\\Users\\mozam\\Downloads\\trea gateway file\\server.js","function":null,"line":58,"method":null,"native":false},{"column":5,"file":"node:internal/process/task_queues","function":"runNextTicks","line":65,"method":null,"native":false},{"column":9,"file":"node:internal/timers","function":"listOnTimeout","line":549,"method":null,"native":false},{"column":7,"file":"node:internal/timers","function":"process.processTimers","line":523,"method":"processTimers","native":false}]}
{"date":"Sun Sep 21 2025 16:41:25 GMT+0700 (Indochina Time)","environment":"development","error":{},"level":"error","message":"unhandledRejection: logger is not defined\nReferenceError: logger is not defined\n    at C:\\Users\\mozam\\Downloads\\trea gateway file\\server.js:58:3","os":{"loadavg":[0,0,0],"uptime":957965.281},"process":{"argv":["C:\\Program Files\\nodejs\\node.exe","C:\\Users\\mozam\\Downloads\\trea gateway file\\server.js"],"cwd":"C:\\Users\\mozam\\Downloads\\trea gateway file","execPath":"C:\\Program Files\\nodejs\\node.exe","gid":null,"memoryUsage":{"arrayBuffers":18314140,"external":21906714,"heapTotal":36200448,"heapUsed":32747016,"rss":80171008},"pid":55828,"uid":null,"version":"v22.19.0"},"rejection":true,"service":"trea-payment-gateway","stack":"ReferenceError: logger is not defined\n    at C:\\Users\\mozam\\Downloads\\trea gateway file\\server.js:58:3","timestamp":"2025-09-21 16:41:25","trace":[{"column":3,"file":"C:\\Users\\mozam\\Downloads\\trea gateway file\\server.js","function":null,"line":58,"method":null,"native":false}]}
{"date":"Sun Sep 21 2025 16:42:19 GMT+0700 (Indochina Time)","environment":"development","error":{},"level":"error","message":"unhandledRejection: logger is not defined\nReferenceError: logger is not defined\n    at C:\\Users\\mozam\\Downloads\\trea gateway file\\server.js:59:3","os":{"loadavg":[0,0,0],"uptime":958019.218},"process":{"argv":["C:\\Program Files\\nodejs\\node.exe","C:\\Users\\mozam\\Downloads\\trea gateway file\\server.js"],"cwd":"C:\\Users\\mozam\\Downloads\\trea gateway file","execPath":"C:\\Program Files\\nodejs\\node.exe","gid":null,"memoryUsage":{"arrayBuffers":18314316,"external":21933078,"heapTotal":35151872,"heapUsed":32299096,"rss":79581184},"pid":55172,"uid":null,"version":"v22.19.0"},"rejection":true,"service":"trea-payment-gateway","stack":"ReferenceError: logger is not defined\n    at C:\\Users\\mozam\\Downloads\\trea gateway file\\server.js:59:3","timestamp":"2025-09-21 16:42:19","trace":[{"column":3,"file":"C:\\Users\\mozam\\Downloads\\trea gateway file\\server.js","function":null,"line":59,"method":null,"native":false}]}
{"date":"Sun Sep 21 2025 16:45:43 GMT+0700 (Indochina Time)","environment":"development","error":{},"level":"error","message":"unhandledRejection: logger is not defined\nReferenceError: logger is not defined\n    at C:\\Users\\mozam\\Downloads\\trea gateway file\\server.js:59:3\n    at runNextTicks (node:internal/process/task_queues:65:5)\n    at listOnTimeout (node:internal/timers:549:9)\n    at process.processTimers (node:internal/timers:523:7)","os":{"loadavg":[0,0,0],"uptime":958222.656},"process":{"argv":["C:\\Program Files\\nodejs\\node.exe","C:\\Users\\mozam\\Downloads\\trea gateway file\\server.js"],"cwd":"C:\\Users\\mozam\\Downloads\\trea gateway file","execPath":"C:\\Program Files\\nodejs\\node.exe","gid":null,"memoryUsage":{"arrayBuffers":18314316,"external":21933078,"heapTotal":35151872,"heapUsed":32333712,"rss":78671872},"pid":91456,"uid":null,"version":"v22.19.0"},"rejection":true,"service":"trea-payment-gateway","stack":"ReferenceError: logger is not defined\n    at C:\\Users\\mozam\\Downloads\\trea gateway file\\server.js:59:3\n    at runNextTicks (node:internal/process/task_queues:65:5)\n    at listOnTimeout (node:internal/timers:549:9)\n    at process.processTimers (node:internal/timers:523:7)","timestamp":"2025-09-21 16:45:43","trace":[{"column":3,"file":"C:\\Users\\mozam\\Downloads\\trea gateway file\\server.js","function":null,"line":59,"method":null,"native":false},{"column":5,"file":"node:internal/process/task_queues","function":"runNextTicks","line":65,"method":null,"native":false},{"column":9,"file":"node:internal/timers","function":"listOnTimeout","line":549,"method":null,"native":false},{"column":7,"file":"node:internal/timers","function":"process.processTimers","line":523,"method":"processTimers","native":false}]}
{"date":"Sun Sep 21 2025 16:46:32 GMT+0700 (Indochina Time)","environment":"development","error":{},"level":"error","message":"unhandledRejection: logger is not defined\nReferenceError: logger is not defined\n    at C:\\Users\\mozam\\Downloads\\trea gateway file\\server.js:59:3\n    at runNextTicks (node:internal/process/task_queues:65:5)\n    at listOnTimeout (node:internal/timers:549:9)\n    at process.processTimers (node:internal/timers:523:7)","os":{"loadavg":[0,0,0],"uptime":958271.39},"process":{"argv":["C:\\Program Files\\nodejs\\node.exe","C:\\Users\\mozam\\Downloads\\trea gateway file\\server.js"],"cwd":"C:\\Users\\mozam\\Downloads\\trea gateway file","execPath":"C:\\Program Files\\nodejs\\node.exe","gid":null,"memoryUsage":{"arrayBuffers":18314140,"external":21906772,"heapTotal":34889728,"heapUsed":32831056,"rss":79970304},"pid":22176,"uid":null,"version":"v22.19.0"},"rejection":true,"service":"trea-payment-gateway","stack":"ReferenceError: logger is not defined\n    at C:\\Users\\mozam\\Downloads\\trea gateway file\\server.js:59:3\n    at runNextTicks (node:internal/process/task_queues:65:5)\n    at listOnTimeout (node:internal/timers:549:9)\n    at process.processTimers (node:internal/timers:523:7)","timestamp":"2025-09-21 16:46:32","trace":[{"column":3,"file":"C:\\Users\\mozam\\Downloads\\trea gateway file\\server.js","function":null,"line":59,"method":null,"native":false},{"column":5,"file":"node:internal/process/task_queues","function":"runNextTicks","line":65,"method":null,"native":false},{"column":9,"file":"node:internal/timers","function":"listOnTimeout","line":549,"method":null,"native":false},{"column":7,"file":"node:internal/timers","function":"process.processTimers","line":523,"method":"processTimers","native":false}]}
{"date":"Sun Sep 21 2025 16:48:11 GMT+0700 (Indochina Time)","environment":"development","error":{},"level":"error","message":"unhandledRejection: logger is not defined\nReferenceError: logger is not defined\n    at C:\\Users\\mozam\\Downloads\\trea gateway file\\server.js:59:3\n    at runNextTicks (node:internal/process/task_queues:65:5)\n    at listOnTimeout (node:internal/timers:549:9)\n    at process.processTimers (node:internal/timers:523:7)","os":{"loadavg":[0,0,0],"uptime":958371.203},"process":{"argv":["C:\\Program Files\\nodejs\\node.exe","C:\\Users\\mozam\\Downloads\\trea gateway file\\server.js"],"cwd":"C:\\Users\\mozam\\Downloads\\trea gateway file","execPath":"C:\\Program Files\\nodejs\\node.exe","gid":null,"memoryUsage":{"arrayBuffers":18314157,"external":21906731,"heapTotal":35151872,"heapUsed":33149312,"rss":80371712},"pid":39560,"uid":null,"version":"v22.19.0"},"rejection":true,"service":"trea-payment-gateway","stack":"ReferenceError: logger is not defined\n    at C:\\Users\\mozam\\Downloads\\trea gateway file\\server.js:59:3\n    at runNextTicks (node:internal/process/task_queues:65:5)\n    at listOnTimeout (node:internal/timers:549:9)\n    at process.processTimers (node:internal/timers:523:7)","timestamp":"2025-09-21 16:48:11","trace":[{"column":3,"file":"C:\\Users\\mozam\\Downloads\\trea gateway file\\server.js","function":null,"line":59,"method":null,"native":false},{"column":5,"file":"node:internal/process/task_queues","function":"runNextTicks","line":65,"method":null,"native":false},{"column":9,"file":"node:internal/timers","function":"listOnTimeout","line":549,"method":null,"native":false},{"column":7,"file":"node:internal/timers","function":"process.processTimers","line":523,"method":"processTimers","native":false}]}
{"environment":"development","error":"connect ECONNREFUSED ::1:27017, connect ECONNREFUSED 127.0.0.1:27017","level":"error","message":"MongoDB connection failed","service":"trea-payment-gateway","timestamp":"2025-09-21 16:49:14"}
{"environment":"development","error":"connect ECONNREFUSED ::1:27017, connect ECONNREFUSED 127.0.0.1:27017","level":"error","message":"MongoDB connection failed","service":"trea-payment-gateway","timestamp":"2025-09-21 16:49:29"}
{"environment":"development","error":"connect ECONNREFUSED ::1:27017, connect ECONNREFUSED 127.0.0.1:27017","level":"error","message":"MongoDB connection failed","service":"trea-payment-gateway","timestamp":"2025-09-21 16:51:09"}
{"environment":"development","error":"connect ECONNREFUSED ::1:27017, connect ECONNREFUSED 127.0.0.1:27017","level":"error","message":"MongoDB connection failed","service":"trea-payment-gateway","timestamp":"2025-09-21 16:53:58"}
{"environment":"development","level":"info","message":"MongoDB connection established","service":"trea-payment-gateway","timestamp":"2025-09-21 17:04:00"}
{"environment":"development","level":"info","message":"MongoDB connection established","service":"trea-payment-gateway","timestamp":"2025-09-21 17:04:09"}
{"environment":"development","level":"info","message":"MongoDB connection established","service":"trea-payment-gateway","timestamp":"2025-09-21 17:05:08"}
{"environment":"development","level":"info","message":"MongoDB connection established","service":"trea-payment-gateway","timestamp":"2025-09-21 17:06:43"}
{"environment":"development","level":"info","message":"MongoDB connection established","service":"trea-payment-gateway","timestamp":"2025-09-21 17:08:12"}
{"environment":"development","level":"info","message":"MongoDB connection established","service":"trea-payment-gateway","timestamp":"2025-09-21 17:09:30"}
{"environment":"development","level":"info","message":"MongoDB connection established","service":"trea-payment-gateway","timestamp":"2025-09-21 17:09:55"}
{"environment":"development","level":"info","message":"MongoDB connection established","service":"trea-payment-gateway","timestamp":"2025-09-21 17:11:01"}
{"environment":"development","level":"info","message":"MongoDB connection established","service":"trea-payment-gateway","timestamp":"2025-09-21 17:11:06"}
{"environment":"development","level":"info","message":"MongoDB connection established","service":"trea-payment-gateway","timestamp":"2025-09-21 17:11:53"}
{"environment":"development","level":"info","message":"MongoDB connection established","service":"trea-payment-gateway","timestamp":"2025-09-21 17:12:11"}
{"environment":"development","level":"info","message":"MongoDB connection established","service":"trea-payment-gateway","timestamp":"2025-09-21 17:12:13"}
{"environment":"development","level":"info","message":"MongoDB connection established","service":"trea-payment-gateway","timestamp":"2025-09-21 17:12:51"}
{"environment":"development","level":"info","message":"MongoDB connection established","service":"trea-payment-gateway","timestamp":"2025-09-21 17:13:59"}
{"environment":"development","level":"info","message":"MongoDB connection established","service":"trea-payment-gateway","timestamp":"2025-09-21 17:14:04"}
{"environment":"development","level":"info","message":"MongoDB connection established","service":"trea-payment-gateway","timestamp":"2025-09-21 17:14:51"}
{"environment":"development","level":"info","message":"MongoDB connection established","service":"trea-payment-gateway","timestamp":"2025-09-21 17:19:16"}
{"environment":"development","level":"info","message":"MongoDB connection established","service":"trea-payment-gateway","timestamp":"2025-09-21 17:19:24"}
{"environment":"development","level":"info","message":"MongoDB connection established","service":"trea-payment-gateway","timestamp":"2025-09-21 17:20:05"}
{"environment":"development","level":"info","message":"MongoDB connection established","service":"trea-payment-gateway","timestamp":"2025-09-21 17:22:28"}
{"environment":"development","level":"info","message":"MongoDB connection established","service":"trea-payment-gateway","timestamp":"2025-09-21 17:52:32"}
{"environment":"development","level":"info","message":"MongoDB connection established","service":"trea-payment-gateway","timestamp":"2025-09-21 17:53:21"}
{"environment":"development","level":"info","message":"MongoDB connection established","service":"trea-payment-gateway","timestamp":"2025-09-21 17:54:08"}
{"environment":"development","level":"info","message":"MongoDB connection established","service":"trea-payment-gateway","timestamp":"2025-09-21 17:58:53"}
{"environment":"development","level":"info","message":"MongoDB connection established","service":"trea-payment-gateway","timestamp":"2025-09-21 18:00:27"}
{"environment":"development","level":"info","message":"MongoDB connection established","service":"trea-payment-gateway","timestamp":"2025-09-21 18:00:48"}
{"environment":"development","level":"info","message":"MongoDB connection established","service":"trea-payment-gateway","timestamp":"2025-09-21 18:00:55"}
{"environment":"development","level":"info","message":"MongoDB connection established","service":"trea-payment-gateway","timestamp":"2025-09-21 18:01:17"}
{"environment":"development","level":"info","message":"MongoDB connection established","service":"trea-payment-gateway","timestamp":"2025-09-21 18:01:20"}
{"environment":"development","level":"info","message":"MongoDB connection established","service":"trea-payment-gateway","timestamp":"2025-09-21 18:01:40"}
{"environment":"development","level":"info","message":"MongoDB connection established","service":"trea-payment-gateway","timestamp":"2025-09-21 18:01:55"}
{"environment":"development","level":"info","message":"MongoDB connection established","service":"trea-payment-gateway","timestamp":"2025-09-21 18:01:59"}
{"environment":"development","level":"info","message":"MongoDB connection established","service":"trea-payment-gateway","timestamp":"2025-09-21 18:03:06"}
{"environment":"development","level":"info","message":"MongoDB connection established","service":"trea-payment-gateway","timestamp":"2025-09-21 18:03:15"}
{"environment":"development","level":"info","message":"MongoDB connection established","service":"trea-payment-gateway","timestamp":"2025-09-21 18:03:31"}
{"environment":"development","level":"info","message":"MongoDB connection established","service":"trea-payment-gateway","timestamp":"2025-09-21 18:03:38"}
{"environment":"development","level":"info","message":"MongoDB connection established","service":"trea-payment-gateway","timestamp":"2025-09-21 18:03:46"}
{"environment":"development","level":"info","message":"MongoDB connection established","service":"trea-payment-gateway","timestamp":"2025-09-21 18:03:51"}
{"environment":"development","level":"info","message":"MongoDB connection established","service":"trea-payment-gateway","timestamp":"2025-09-21 18:04:06"}
{"environment":"development","level":"info","message":"MongoDB connection established","service":"trea-payment-gateway","timestamp":"2025-09-21 18:04:12"}
{"environment":"development","level":"info","message":"MongoDB connection established","service":"trea-payment-gateway","timestamp":"2025-09-21 18:04:19"}
{"environment":"development","level":"info","message":"MongoDB connection established","service":"trea-payment-gateway","timestamp":"2025-09-21 18:04:43"}
{"environment":"development","level":"info","message":"MongoDB connection established","service":"trea-payment-gateway","timestamp":"2025-09-21 18:04:52"}
{"environment":"development","level":"info","message":"MongoDB connection established","service":"trea-payment-gateway","timestamp":"2025-09-21 18:05:00"}
{"environment":"development","level":"info","message":"MongoDB connection established","service":"trea-payment-gateway","timestamp":"2025-09-21 18:05:07"}
{"environment":"development","level":"info","message":"MongoDB connection established","service":"trea-payment-gateway","timestamp":"2025-09-21 18:05:10"}
{"environment":"development","level":"info","message":"MongoDB connection established","service":"trea-payment-gateway","timestamp":"2025-09-21 18:06:41"}
{"environment":"development","level":"info","message":"MongoDB connection established","service":"trea-payment-gateway","timestamp":"2025-09-21 18:06:49"}
{"environment":"development","level":"info","message":"MongoDB connection established","service":"trea-payment-gateway","timestamp":"2025-09-21 18:06:57"}
{"environment":"development","level":"info","message":"MongoDB connection established","service":"trea-payment-gateway","timestamp":"2025-09-21 18:07:04"}
{"environment":"development","level":"info","message":"MongoDB connection established","service":"trea-payment-gateway","timestamp":"2025-09-21 18:07:11"}
{"environment":"development","level":"info","message":"MongoDB connection established","service":"trea-payment-gateway","timestamp":"2025-09-21 18:07:17"}
{"environment":"development","level":"info","message":"MongoDB connection established","service":"trea-payment-gateway","timestamp":"2025-09-21 18:07:24"}
{"environment":"development","level":"info","message":"MongoDB connection established","service":"trea-payment-gateway","timestamp":"2025-09-21 18:07:30"}
{"environment":"development","level":"info","message":"MongoDB connection established","service":"trea-payment-gateway","timestamp":"2025-09-21 18:07:32"}
{"environment":"development","level":"info","message":"MongoDB connection established","service":"trea-payment-gateway","timestamp":"2025-09-21 18:08:10"}
{"environment":"development","level":"info","message":"MongoDB connection established","service":"trea-payment-gateway","timestamp":"2025-09-21 18:08:32"}
{"environment":"development","level":"info","message":"MongoDB connection established","service":"trea-payment-gateway","timestamp":"2025-09-21 18:08:41"}
{"environment":"development","level":"info","message":"MongoDB connection established","service":"trea-payment-gateway","timestamp":"2025-09-21 18:08:49"}
{"environment":"development","level":"info","message":"MongoDB connection established","service":"trea-payment-gateway","timestamp":"2025-09-21 18:08:55"}
{"environment":"development","level":"info","message":"MongoDB connection established","service":"trea-payment-gateway","timestamp":"2025-09-21 18:09:02"}
{"environment":"development","level":"info","message":"MongoDB connection established","service":"trea-payment-gateway","timestamp":"2025-09-21 18:09:12"}
{"environment":"development","level":"info","message":"MongoDB connection established","service":"trea-payment-gateway","timestamp":"2025-09-21 18:09:20"}
{"environment":"development","level":"info","message":"MongoDB connection established","service":"trea-payment-gateway","timestamp":"2025-09-21 18:09:42"}
{"environment":"development","level":"info","message":"MongoDB connection established","service":"trea-payment-gateway","timestamp":"2025-09-21 18:14:32"}
{"environment":"development","level":"info","message":"MongoDB connection established","service":"trea-payment-gateway","timestamp":"2025-09-21 18:14:39"}
{"environment":"development","level":"info","message":"MongoDB connection established","service":"trea-payment-gateway","timestamp":"2025-09-21 18:14:56"}
{"environment":"development","level":"info","message":"MongoDB connection established","service":"trea-payment-gateway","timestamp":"2025-09-21 18:15:02"}
{"environment":"development","level":"info","message":"MongoDB connection established","service":"trea-payment-gateway","timestamp":"2025-09-21 18:15:09"}
{"environment":"development","level":"info","message":"MongoDB connection established","service":"trea-payment-gateway","timestamp":"2025-09-21 18:15:18"}
{"environment":"development","level":"info","message":"MongoDB connection established","service":"trea-payment-gateway","timestamp":"2025-09-21 18:15:39"}
{"environment":"development","level":"info","message":"MongoDB connection established","service":"trea-payment-gateway","timestamp":"2025-09-21 18:15:41"}
{"environment":"development","level":"info","message":"MongoDB connection established","service":"trea-payment-gateway","timestamp":"2025-09-21 18:17:12"}
{"environment":"development","level":"info","message":"MongoDB connection established","service":"trea-payment-gateway","timestamp":"2025-09-21 18:17:29"}
{"environment":"development","level":"info","message":"MongoDB connection established","service":"trea-payment-gateway","timestamp":"2025-09-21 18:18:02"}
{"environment":"development","level":"info","message":"MongoDB connection established","service":"trea-payment-gateway","timestamp":"2025-09-21 18:18:09"}
{"environment":"development","level":"info","message":"MongoDB connection established","service":"trea-payment-gateway","timestamp":"2025-09-21 18:18:36"}
{"environment":"development","level":"info","message":"MongoDB connection established","service":"trea-payment-gateway","timestamp":"2025-09-21 18:18:48"}
{"environment":"development","level":"info","message":"MongoDB connection established","service":"trea-payment-gateway","timestamp":"2025-09-21 18:19:07"}
{"environment":"development","level":"info","message":"MongoDB connection established","service":"trea-payment-gateway","timestamp":"2025-09-21 18:21:20"}
{"environment":"development","level":"info","message":"MongoDB connection established","service":"trea-payment-gateway","timestamp":"2025-09-21 18:23:19"}
{"environment":"development","level":"info","message":"MongoDB connection established","service":"trea-payment-gateway","timestamp":"2025-09-21 18:23:25"}
{"environment":"development","level":"info","message":"MongoDB connection established","service":"trea-payment-gateway","timestamp":"2025-09-21 18:23:33"}
{"environment":"development","level":"info","message":"MongoDB connection established","service":"trea-payment-gateway","timestamp":"2025-09-21 18:23:42"}
{"environment":"development","level":"info","message":"MongoDB connection established","service":"trea-payment-gateway","timestamp":"2025-09-21 18:25:11"}
{"environment":"development","level":"info","message":"Application shutting down...","service":"trea-payment-gateway","timestamp":"2025-09-21 18:25:48"}
{"environment":"development","level":"info","message":"MongoDB connection established","service":"trea-payment-gateway","timestamp":"2025-09-21 18:25:51"}
{"environment":"development","level":"info","message":"MongoDB connection established","service":"trea-payment-gateway","timestamp":"2025-09-21 18:26:16"}
{"environment":"development","level":"info","message":"MongoDB connection established","service":"trea-payment-gateway","timestamp":"2025-09-21 18:26:28"}
{"environment":"development","level":"info","message":"MongoDB connection established","service":"trea-payment-gateway","timestamp":"2025-09-21 18:27:20"}
{"environment":"development","level":"info","message":"MongoDB connection established","service":"trea-payment-gateway","timestamp":"2025-09-21 18:27:35"}
{"environment":"development","level":"info","message":"MongoDB connection established","service":"trea-payment-gateway","timestamp":"2025-09-21 18:27:56"}
{"environment":"development","level":"info","message":"MongoDB connection established","service":"trea-payment-gateway","timestamp":"2025-09-21 18:28:03"}
{"environment":"development","level":"info","message":"MongoDB connection established","service":"trea-payment-gateway","timestamp":"2025-09-21 18:28:18"}
{"environment":"development","level":"info","message":"MongoDB connection established","service":"trea-payment-gateway","timestamp":"2025-09-21 18:28:20"}
{"environment":"development","level":"info","message":"MongoDB connection established","service":"trea-payment-gateway","timestamp":"2025-09-21 18:29:04"}
{"environment":"development","level":"info","message":"MongoDB connection established","service":"trea-payment-gateway","timestamp":"2025-09-21 18:29:17"}
{"environment":"development","level":"info","message":"MongoDB connection established","service":"trea-payment-gateway","timestamp":"2025-09-21 18:29:32"}
{"environment":"development","level":"info","message":"MongoDB connection established","service":"trea-payment-gateway","timestamp":"2025-09-21 18:29:38"}
{"environment":"development","level":"info","message":"MongoDB connection established","service":"trea-payment-gateway","timestamp":"2025-09-21 18:29:55"}
{"environment":"development","level":"info","message":"MongoDB connection established","service":"trea-payment-gateway","timestamp":"2025-09-21 18:30:02"}
{"environment":"development","level":"info","message":"MongoDB connection established","service":"trea-payment-gateway","timestamp":"2025-09-21 18:30:11"}
{"environment":"development","level":"info","message":"MongoDB connection established","service":"trea-payment-gateway","timestamp":"2025-09-21 18:30:15"}
{"environment":"development","level":"info","message":"MongoDB connection established","service":"trea-payment-gateway","timestamp":"2025-09-21 18:31:12"}
{"environment":"development","level":"info","message":"MongoDB connection established","service":"trea-payment-gateway","timestamp":"2025-09-21 18:31:19"}
{"environment":"development","level":"info","message":"MongoDB connection established","service":"trea-payment-gateway","timestamp":"2025-09-21 18:31:30"}
{"environment":"development","level":"info","message":"MongoDB connection established","service":"trea-payment-gateway","timestamp":"2025-09-21 18:31:50"}
{"environment":"development","level":"info","message":"MongoDB connection established","service":"trea-payment-gateway","timestamp":"2025-09-21 18:34:54"}
{"environment":"development","level":"info","message":"MongoDB connection established","service":"trea-payment-gateway","timestamp":"2025-09-21 18:35:01"}
{"environment":"development","level":"info","message":"MongoDB connection established","service":"trea-payment-gateway","timestamp":"2025-09-21 18:35:11"}
{"environment":"development","level":"info","message":"MongoDB connection established","service":"trea-payment-gateway","timestamp":"2025-09-21 18:36:05"}
{"environment":"development","level":"info","message":"MongoDB connection established","service":"trea-payment-gateway","timestamp":"2025-09-21 18:36:20"}
{"environment":"development","level":"info","message":"MongoDB connection established","service":"trea-payment-gateway","timestamp":"2025-09-21 18:36:51"}
{"environment":"development","level":"info","message":"MongoDB connection established","service":"trea-payment-gateway","timestamp":"2025-09-21 18:36:59"}
{"environment":"development","level":"info","message":"MongoDB connection established","service":"trea-payment-gateway","timestamp":"2025-09-21 18:37:13"}
{"environment":"development","level":"info","message":"MongoDB connection established","service":"trea-payment-gateway","timestamp":"2025-09-21 18:37:17"}
{"environment":"development","level":"info","message":"MongoDB connection established","service":"trea-payment-gateway","timestamp":"2025-09-21 18:38:00"}
{"environment":"development","level":"info","message":"MongoDB connection established","service":"trea-payment-gateway","timestamp":"2025-09-21 18:39:13"}
{"environment":"development","level":"info","message":"MongoDB connection established","service":"trea-payment-gateway","timestamp":"2025-09-21 18:39:55"}
{"environment":"development","level":"info","message":"MongoDB connection established","service":"trea-payment-gateway","timestamp":"2025-09-21 18:40:03"}
{"environment":"development","level":"info","message":"MongoDB connection established","service":"trea-payment-gateway","timestamp":"2025-09-21 18:40:10"}
{"environment":"development","level":"info","message":"MongoDB connection established","service":"trea-payment-gateway","timestamp":"2025-09-21 18:40:16"}
{"environment":"development","level":"info","message":"MongoDB connection established","service":"trea-payment-gateway","timestamp":"2025-09-21 18:40:23"}
{"environment":"development","level":"info","message":"MongoDB connection established","service":"trea-payment-gateway","timestamp":"2025-09-21 18:40:29"}
{"environment":"development","level":"info","message":"MongoDB connection established","service":"trea-payment-gateway","timestamp":"2025-09-21 18:41:12"}
{"environment":"development","level":"info","message":"MongoDB connection established","service":"trea-payment-gateway","timestamp":"2025-09-21 18:41:17"}
{"environment":"development","level":"info","message":"MongoDB connection established","service":"trea-payment-gateway","timestamp":"2025-09-21 18:44:05"}
{"environment":"development","level":"info","message":"MongoDB connection established","service":"trea-payment-gateway","timestamp":"2025-09-21 18:44:12"}
{"environment":"development","level":"info","message":"MongoDB connection established","service":"trea-payment-gateway","timestamp":"2025-09-21 18:44:20"}
{"environment":"development","level":"info","message":"MongoDB connection established","service":"trea-payment-gateway","timestamp":"2025-09-21 18:44:27"}
{"environment":"development","level":"info","message":"MongoDB connection established","service":"trea-payment-gateway","timestamp":"2025-09-21 18:44:40"}
{"environment":"development","level":"info","message":"MongoDB connection established","service":"trea-payment-gateway","timestamp":"2025-09-21 18:45:01"}
{"environment":"development","level":"info","message":"MongoDB connection established","service":"trea-payment-gateway","timestamp":"2025-09-21 18:45:07"}
{"environment":"development","level":"info","message":"MongoDB connection established","service":"trea-payment-gateway","timestamp":"2025-09-21 18:45:19"}
{"environment":"development","level":"info","message":"MongoDB connection established","service":"trea-payment-gateway","timestamp":"2025-09-21 18:49:49"}
{"environment":"development","level":"info","message":"MongoDB connection established","service":"trea-payment-gateway","timestamp":"2025-09-21 18:53:29"}
{"environment":"development","level":"info","message":"MongoDB connection established","service":"trea-payment-gateway","timestamp":"2025-09-21 18:53:35"}
{"environment":"development","level":"info","message":"MongoDB connection established","service":"trea-payment-gateway","timestamp":"2025-09-21 18:53:41"}
{"environment":"development","level":"info","message":"MongoDB connection established","service":"trea-payment-gateway","timestamp":"2025-09-21 18:53:55"}
{"environment":"development","level":"info","message":"MongoDB connection established","service":"trea-payment-gateway","timestamp":"2025-09-21 18:54:03"}
{"environment":"development","level":"info","message":"MongoDB connection established","service":"trea-payment-gateway","timestamp":"2025-09-21 18:56:47"}
{"environment":"development","level":"info","message":"MongoDB connection established","service":"trea-payment-gateway","timestamp":"2025-09-21 18:57:13"}
{"environment":"development","level":"info","message":"MongoDB connection established","service":"trea-payment-gateway","timestamp":"2025-09-21 18:57:21"}
{"environment":"development","level":"info","message":"MongoDB connection established","service":"trea-payment-gateway","timestamp":"2025-09-21 18:58:07"}
{"environment":"development","level":"info","message":"Application shutting down...","service":"trea-payment-gateway","timestamp":"2025-09-21 18:59:29"}
